Arguments: 
  c:\program files\nodejs\node.exe c:\Program Files (x86)\Yarn\bin\yarn.js add typescript logscribe node-irc discord.js @types/jest @types/node clean-webpack-plugin cross-env jest prettier ts-jest ts-loader tslint tslint-config-prettier ts-plugin-prettier typescript-tslint-plugin webpack webpack-cli

PATH: 
  c:\program files\docker\docker\resources\bin;c:\programdata\oracle\java\javapath;c:\windows\system32;c:\windows;c:\windows\system32\wbem;c:\windows\system32\windowspowershell\v1.0\;c:\program files\git\cmd;c:\program files\apache-maven-3.3.3\bin;c:\program files\putty\;c:\program files (x86)\mikero\depbotools\bin;c:\windows\system32\openssh\;c:\program files (x86)\windows kits\8.1\windows performance toolkit\;c:\program files\microsoft vs code\bin;c:\program files (x86)\yarn\bin\;c:\program files\nodejs\;C:\Program Files (x86)\NVIDIA Corporation\PhysX\Common;C:\Users\ahoys\AppData\Local\Microsoft\WindowsApps;C:\Program Files\Microsoft VS Code\bin;C:\Users\ahoys\AppData\Local\Yarn\bin;C:\Users\ahoys\AppData\Roaming\npm

Yarn version: 
  1.12.3

Node version: 
  10.14.1

Platform: 
  win32 x64

Trace: 
  Error: https://registry.yarnpkg.com/ts-plugin-prettier: Not found
      at Request.params.callback [as _callback] (c:\Program Files (x86)\Yarn\lib\cli.js:65003:18)
      at Request.self.callback (c:\Program Files (x86)\Yarn\lib\cli.js:129018:22)
      at Request.emit (events.js:182:13)
      at Request.<anonymous> (c:\Program Files (x86)\Yarn\lib\cli.js:129990:10)
      at Request.emit (events.js:182:13)
      at IncomingMessage.<anonymous> (c:\Program Files (x86)\Yarn\lib\cli.js:129912:12)
      at Object.onceWrapper (events.js:273:13)
      at IncomingMessage.emit (events.js:187:15)
      at endReadableNT (_stream_readable.js:1094:12)
      at process._tickCallback (internal/process/next_tick.js:63:19)

npm manifest: 
  {
    "name": "kegelink",
    "version": "1.0.0",
    "main": "index.js",
    "author": "Ari Höysniemi",
    "license": "MIT"
  }

yarn manifest: 
  No manifest

Lockfile: 
  No lockfile
